---------------------------------------
Begin Slurm Prolog: Apr-15-2026 23:19:16
Job ID:    6539961
User ID:   tma94
Account:   paceship-terratrends
Job name:  yp12-hyperopt
Partition: cpu-small
QOS:       inferno
---------------------------------------
Selected optimizer: cma
Running hyperopt preflight...
Preflight passed.
/storage/home/hcoda1/7/tma94/CS3600_tourney/.venv/lib/python3.11/site-packages/cma/s.py:16: UserWarning: Could not import matplotlib.pyplot, therefore ``cma.plot()`` etc. is not available
  _warnings.warn('Could not import matplotlib.pyplot, therefore'
Resuming CMA from Generation 27...
[23:19:55] Starting Generation 27...
  Candidate 1/12 evaluated (fitness: 5.376)
  Candidate 2/12 evaluated (fitness: 5.106)
  Candidate 3/12 evaluated (fitness: 4.755)
  Candidate 4/12 evaluated (fitness: 5.006)
  Candidate 5/12 evaluated (fitness: 5.796)
  Candidate 6/12 evaluated (fitness: 5.050)
  Candidate 7/12 evaluated (fitness: 5.147)
  Candidate 8/12 evaluated (fitness: 5.100)
  Candidate 9/12 evaluated (fitness: 5.357)
  Candidate 10/12 evaluated (fitness: 5.072)
  Candidate 11/12 evaluated (fitness: 5.410)
  Candidate 12/12 evaluated (fitness: 5.474)
  Gen 27 Summary: Best=5.796 Mean=5.221 Worst=4.755
[00:10:02] Starting Generation 28...
  Candidate 1/12 evaluated (fitness: 6.831)
  Candidate 2/12 evaluated (fitness: 6.502)
  Candidate 3/12 evaluated (fitness: 6.740)
  Candidate 4/12 evaluated (fitness: 6.568)
  Candidate 5/12 evaluated (fitness: 6.567)
  Candidate 6/12 evaluated (fitness: 6.931)
  Candidate 7/12 evaluated (fitness: 5.970)
  Candidate 8/12 evaluated (fitness: 5.804)
  Candidate 9/12 evaluated (fitness: 6.521)
  Candidate 10/12 evaluated (fitness: 6.752)
  Candidate 11/12 evaluated (fitness: 6.196)
  Candidate 12/12 evaluated (fitness: 6.833)
  Gen 28 Summary: Best=6.931 Mean=6.518 Worst=5.804
[00:59:45] Starting Generation 29...
  Candidate 1/12 evaluated (fitness: 7.602)
  Candidate 2/12 evaluated (fitness: 7.949)
  Candidate 3/12 evaluated (fitness: 7.116)
  Candidate 4/12 evaluated (fitness: 6.497)
  Candidate 5/12 evaluated (fitness: 7.701)
  Candidate 6/12 evaluated (fitness: 7.479)
  Candidate 7/12 evaluated (fitness: 8.076)
  Candidate 8/12 evaluated (fitness: 7.787)
  Candidate 9/12 evaluated (fitness: 7.617)
  Candidate 10/12 evaluated (fitness: 7.460)
  Candidate 11/12 evaluated (fitness: 6.896)
  Candidate 12/12 evaluated (fitness: 7.466)
  Gen 29 Summary: Best=8.076 Mean=7.470 Worst=6.497
  Performing strict mode validation...
  [STRICT] PASSED
{
  "algorithm": "cma",
  "best_evaluation": {
    "fitness": 7.125166666666667,
    "ladder": [
      {
        "avg_margin": 4.54,
        "catastrophic_losses": 0,
        "crashes": 0,
        "failed_inits": 0,
        "games": 50,
        "invalid_turns": 0,
        "losses": 20,
        "margins": [
          -12.0,
          22.0,
          14.0,
          -3.0,
          -7.0,
          -7.0,
          -4.0,
          6.0,
          10.0,
          13.0,
          20.0,
          21.0,
          15.0,
          6.0,
          -8.0,
          5.0,
          -4.0,
          5.0,
          32.0,
          9.0,
          -10.0,
          5.0,
          -8.0,
          -15.0,
          17.0,
          -6.0,
          8.0,
          -17.0,
          -9.0,
          3.0,
          16.0,
          -28.0,
          12.0,
          13.0,
          19.0,
          30.0,
          30.0,
          10.0,
          -10.0,
          -9.0,
          5.0,
          -1.0,
          29.0,
          -4.0,
          -12.0,
          23.0,
          9.0,
          -27.0,
          17.0,
          4.0
        ],
        "memory_errors": 0,
        "opponent": "yolanda_prime_v1_2_baseline",
        "opponent_name": "yolanda_prime_v1_2_baseline",
        "ties": 0,
        "timeouts": 0,
        "weight": 0.35,
        "wins": 30
      },
      {
        "avg_margin": 8.98,
        "catastrophic_losses": 0,
        "crashes": 0,
        "failed_inits": 0,
        "games": 50,
        "invalid_turns": 0,
        "losses": 15,
        "margins": [
          43.0,
          -9.0,
          -8.0,
          9.0,
          11.0,
          25.0,
          -23.0,
          7.0,
          9.0,
          12.0,
          20.0,
          4.0,
          24.0,
          -5.0,
          -4.0,
          -13.0,
          10.0,
          -10.0,
          21.0,
          9.0,
          -9.0,
          24.0,
          23.0,
          1.0,
          -5.0,
          -3.0,
          -2.0,
          11.0,
          -16.0,
          28.0,
          29.0,
          -5.0,
          5.0,
          -5.0,
          22.0,
          16.0,
          20.0,
          15.0,
          -5.0,
          4.0,
          39.0,
          4.0,
          15.0,
          11.0,
          10.0,
          18.0,
          5.0,
          38.0,
          9.0,
          20.0
        ],
        "memory_errors": 0,
        "opponent": "Yolanda3_3",
        "opponent_name": "Yolanda3_3",
        "ties": 0,
        "timeouts": 0,
        "weight": 0.2,
        "wins": 35
      },
      {
        "avg_margin": 3.8,
        "catastrophic_losses": 0,
        "crashes": 0,
        "failed_inits": 0,
        "games": 50,
        "invalid_turns": 0,
        "losses": 22,
        "margins": [
          17.0,
          10.0,
          -24.0,
          22.0,
          22.0,
          -12.0,
          8.0,
          -2.0,
          3.0,
          -14.0,
          13.0,
          11.0,
          -5.0,
          10.0,
          -19.0,
          5.0,
          17.0,
          13.0,
          -4.0,
          -4.0,
          4.0,
          5.0,
          32.0,
          30.0,
          -5.0,
          -5.0,
          -4.0,
          -6.0,
          10.0,
          -10.0,
          30.0,
          -22.0,
          -15.0,
          -3.0,
          -10.0,
          -5.0,
          35.0,
          -3.0,
          6.0,
          23.0,
          5.0,
          -10.0,
          6.0,
          -13.0,
          25.0,
          9.0,
          7.0,
          9.0,
          -7.0,
          5.0
        ],
        "memory_errors": 0,
        "opponent": "Yolanda5",
        "opponent_name": "Yolanda5",
        "ties": 0,
        "timeouts": 0,
        "weight": 0.2,
        "wins": 28
      },
      {
        "avg_margin": 3.88,
        "catastrophic_losses": 0,
        "crashes": 0,
        "failed_inits": 0,
        "games": 50,
        "invalid_turns": 0,
        "losses": 21,
        "margins": [
          -10.0,
          -6.0,
          14.0,
          40.0,
          23.0,
          -22.0,
          -15.0,
          10.0,
          16.0,
          14.0,
          18.0,
          9.0,
          23.0,
          -10.0,
          -5.0,
          6.0,
          6.0,
          17.0,
          -20.0,
          3.0,
          -7.0,
          14.0,
          1.0,
          3.0,
          15.0,
          -14.0,
          -10.0,
          -3.0,
          -10.0,
          18.0,
          19.0,
          22.0,
          9.0,
          -17.0,
          7.0,
          -4.0,
          -2.0,
          10.0,
          20.0,
          12.0,
          -9.0,
          -3.0,
          28.0,
          5.0,
          -8.0,
          -16.0,
          -13.0,
          2.0,
          23.0,
          -9.0
        ],
        "memory_errors": 0,
        "opponent": "Yolanda6",
        "opponent_name": "Yolanda6",
        "ties": 0,
        "timeouts": 0,
        "weight": 0.15,
        "wins": 29
      },
      {
        "avg_margin": 9.32,
        "catastrophic_losses": 0,
        "crashes": 0,
        "failed_inits": 0,
        "games": 50,
        "invalid_turns": 0,
        "losses": 13,
        "margins": [
          18.0,
          28.0,
          5.0,
          -20.0,
          39.0,
          27.0,
          8.0,
          18.0,
          13.0,
          -29.0,
          -9.0,
          40.0,
          5.0,
          8.0,
          14.0,
          -5.0,
          4.0,
          10.0,
          4.0,
          3.0,
          5.0,
          16.0,
          -5.0,
          14.0,
          16.0,
          -4.0,
          33.0,
          5.0,
          29.0,
          -3.0,
          27.0,
          30.0,
          6.0,
          11.0,
          26.0,
          9.0,
          -3.0,
          -4.0,
          7.0,
          -5.0,
          6.0,
          3.0,
          21.0,
          5.0,
          11.0,
          -20.0,
          -4.0,
          33.0,
          24.0,
          -4.0
        ],
        "memory_errors": 0,
        "opponent": "yolanda_mitch1_2",
        "opponent_name": "yolanda_mitch1_2",
        "ties": 0,
        "timeouts": 0,
        "weight": 0.075,
        "wins": 37
      },
      {
        "avg_margin": 67.96666666666667,
        "catastrophic_losses": 0,
        "crashes": 0,
        "failed_inits": 0,
        "games": 30,
        "invalid_turns": 0,
        "losses": 0,
        "margins": [
          28.0,
          57.0,
          55.0,
          98.0,
          48.0,
          42.0,
          83.0,
          84.0,
          104.0,
          59.0,
          59.0,
          68.0,
          67.0,
          67.0,
          56.0,
          61.0,
          75.0,
          83.0,
          66.0,
          82.0,
          38.0,
          72.0,
          59.0,
          78.0,
          71.0,
          68.0,
          70.0,
          89.0,
          83.0,
          69.0
        ],
        "memory_errors": 0,
        "opponent": "RandomSearchBaseline",
        "opponent_name": "RandomSearchBaseline",
        "ties": 0,
        "timeouts": 0,
        "weight": 0.025,
        "wins": 30
      }
    ],
    "profile": "tuning",
    "regression_passed": null,
    "strict_validation_passed": null,
    "weights": {
      "a": 1.2315658234053053,
      "b": 0.8413889178515472,
      "c": 2.443827250595496,
      "d": 0.1346963294878325,
      "f": 0.7768165715362956,
      "fast_search_max_carpet_points": 12.28561131689218,
      "fast_search_prob_threshold": 0.9491829660094236,
      "g": 0.26360615823460376,
      "late_centrality_scale": 0.09508799273463889,
      "late_mult_a": 1.5,
      "late_mult_b": 0.3,
      "late_mult_c": 0.5,
      "late_mult_d": 1.2,
      "late_mult_f": 0.5,
      "mid_lead_centrality_scale": 1.0876452524851472,
      "mid_lead_space_bonus": 1.2035632350069545,
      "mid_mult_a": 1.0,
      "mid_mult_b": 0.8,
      "mid_mult_c": 1.5,
      "mid_mult_d": 0.8,
      "mid_mult_f": 1.0,
      "mid_trailing_centrality_scale": 1.2490069935178725,
      "opening_centrality_scale": 1.2476203778988082,
      "opening_mult_a": 1.2,
      "opening_mult_b": 1.0,
      "opening_mult_c": 1.5,
      "opening_mult_d": 0.4,
      "opening_mult_f": 1.0,
      "sabotage_bonus": 3.83978857814414,
      "threatened_cashout_bonus": 1.386124732440375,
      "time_late_cap": 3.0,
      "time_late_multiplier": 1.0,
      "time_mid_cap": 6.0,
      "time_mid_multiplier": 1.4,
      "time_opening_cap": 8.0,
      "time_opening_multiplier": 1.8
    }
  },
  "best_fitness": 8.273,
  "best_weights": {
    "a": 1.2315658234053053,
    "b": 0.8413889178515472,
    "c": 2.443827250595496,
    "d": 0.1346963294878325,
    "f": 0.7768165715362956,
    "fast_search_max_carpet_points": 12.28561131689218,
    "fast_search_prob_threshold": 0.9491829660094236,
    "g": 0.26360615823460376,
    "late_centrality_scale": 0.09508799273463889,
    "late_mult_a": 1.5,
    "late_mult_b": 0.3,
    "late_mult_c": 0.5,
    "late_mult_d": 1.2,
    "late_mult_f": 0.5,
    "mid_lead_centrality_scale": 1.0876452524851472,
    "mid_lead_space_bonus": 1.2035632350069545,
    "mid_mult_a": 1.0,
    "mid_mult_b": 0.8,
    "mid_mult_c": 1.5,
    "mid_mult_d": 0.8,
    "mid_mult_f": 1.0,
    "mid_trailing_centrality_scale": 1.2490069935178725,
    "opening_centrality_scale": 1.2476203778988082,
    "opening_mult_a": 1.2,
    "opening_mult_b": 1.0,
    "opening_mult_c": 1.5,
    "opening_mult_d": 0.4,
    "opening_mult_f": 1.0,
    "sabotage_bonus": 3.83978857814414,
    "threatened_cashout_bonus": 1.386124732440375,
    "time_late_cap": 3.0,
    "time_late_multiplier": 1.0,
    "time_mid_cap": 6.0,
    "time_mid_multiplier": 1.4,
    "time_opening_cap": 8.0,
    "time_opening_multiplier": 1.8
  },
  "definitive_improvement_details": {
    "games_per_opponent": 200,
    "opponents": [
      "yolanda_prime_v1_2_baseline",
      "Yolanda3_3",
      "Yolanda5",
      "RandomSearchBaseline"
    ],
    "require_positive_margin": true,
    "required_score_rate": 0.52,
    "rows": [
      {
        "avg_margin": 1.57,
        "catastrophic_losses": 0,
        "crashes": 0,
        "failed_inits": 0,
        "games": 200,
        "invalid_turns": 0,
        "losses": 93,
        "margins": [
          -2.0,
          5.0,
          -15.0,
          20.0,
          -5.0,
          4.0,
          5.0,
          -22.0,
          -4.0,
          -23.0,
          -16.0,
          22.0,
          1.0,
          13.0,
          -21.0,
          -3.0,
          2.0,
          4.0,
          -23.0,
          32.0,
          5.0,
          12.0,
          -22.0,
          -4.0,
          -1.0,
          2.0,
          4.0,
          -4.0,
          -7.0,
          -17.0,
          -11.0,
          7.0,
          14.0,
          21.0,
          11.0,
          -46.0,
          -5.0,
          5.0,
          13.0,
          -4.0,
          3.0,
          7.0,
          -12.0,
          -5.0,
          4.0,
          2.0,
          6.0,
          4.0,
          27.0,
          -19.0,
          -18.0,
          -32.0,
          4.0,
          -5.0,
          -4.0,
          11.0,
          -7.0,
          -8.0,
          8.0,
          1.0,
          -16.0,
          -19.0,
          21.0,
          27.0,
          15.0,
          -12.0,
          27.0,
          1.0,
          -16.0,
          -13.0,
          35.0,
          -2.0,
          14.0,
          -4.0,
          18.0,
          2.0,
          4.0,
          -9.0,
          31.0,
          14.0,
          -9.0,
          8.0,
          12.0,
          19.0,
          28.0,
          17.0,
          10.0,
          -3.0,
          -6.0,
          25.0,
          17.0,
          12.0,
          26.0,
          4.0,
          4.0,
          -11.0,
          12.0,
          -10.0,
          19.0,
          4.0,
          5.0,
          -11.0,
          19.0,
          -34.0,
          5.0,
          -8.0,
          15.0,
          6.0,
          17.0,
          -4.0,
          -6.0,
          12.0,
          13.0,
          -16.0,
          49.0,
          -4.0,
          10.0,
          1.0,
          3.0,
          -5.0,
          9.0,
          -4.0,
          -15.0,
          9.0,
          11.0,
          13.0,
          -24.0,
          -13.0,
          -3.0,
          -18.0,
          -10.0,
          16.0,
          20.0,
          15.0,
          20.0,
          11.0,
          -8.0,
          8.0,
          -12.0,
          32.0,
          23.0,
          -22.0,
          -14.0,
          -31.0,
          -4.0,
          -4.0,
          -14.0,
          19.0,
          -1.0,
          8.0,
          8.0,
          18.0,
          -7.0,
          9.0,
          4.0,
          -5.0,
          -38.0,
          8.0,
          -2.0,
          -20.0,
          -5.0,
          24.0,
          11.0,
          -7.0,
          -19.0,
          4.0,
          -4.0,
          -12.0,
          -26.0,
          -9.0,
          -15.0,
          27.0,
          -6.0,
          -11.0,
          33.0,
          -4.0,
          15.0,
          -2.0,
          -15.0,
          4.0,
          -27.0,
          -23.0,
          -3.0,
          26.0,
          7.0,
          -4.0,
          5.0,
          -9.0,
          -15.0,
          -5.0,
          23.0,
          2.0,
          18.0,
          42.0,
          -3.0,
          3.0,
          -1.0,
          -18.0,
          23.0,
          21.0
        ],
        "memory_errors": 0,
        "opponent_name": "yolanda_prime_v1_2_baseline",
        "require_positive_margin": true,
        "required_score_rate": 0.52,
        "score_rate": 0.535,
        "ties": 0,
        "timeouts": 0,
        "wins": 107
      },
      {
        "avg_margin": 7.105,
        "catastrophic_losses": 0,
        "crashes": 0,
        "failed_inits": 0,
        "games": 200,
        "invalid_turns": 0,
        "losses": 65,
        "margins": [
          -8.0,
          27.0,
          23.0,
          13.0,
          -6.0,
          -27.0,
          11.0,
          -4.0,
          17.0,
          26.0,
          8.0,
          4.0,
          39.0,
          -22.0,
          -5.0,
          6.0,
          16.0,
          10.0,
          23.0,
          15.0,
          12.0,
          23.0,
          10.0,
          12.0,
          -5.0,
          18.0,
          31.0,
          20.0,
          -2.0,
          7.0,
          5.0,
          3.0,
          11.0,
          -15.0,
          8.0,
          4.0,
          13.0,
          -4.0,
          -18.0,
          32.0,
          6.0,
          -10.0,
          20.0,
          11.0,
          -2.0,
          60.0,
          -3.0,
          -5.0,
          7.0,
          6.0,
          6.0,
          -5.0,
          -4.0,
          4.0,
          16.0,
          -1.0,
          -4.0,
          24.0,
          -20.0,
          -7.0,
          48.0,
          8.0,
          -5.0,
          -19.0,
          5.0,
          9.0,
          26.0,
          24.0,
          -3.0,
          -3.0,
          13.0,
          9.0,
          -5.0,
          -13.0,
          20.0,
          24.0,
          -4.0,
          4.0,
          -4.0,
          25.0,
          -5.0,
          19.0,
          -2.0,
          -6.0,
          4.0,
          5.0,
          13.0,
          -23.0,
          10.0,
          11.0,
          -2.0,
          -19.0,
          -5.0,
          4.0,
          7.0,
          17.0,
          24.0,
          3.0,
          -17.0,
          18.0,
          10.0,
          11.0,
          7.0,
          -27.0,
          17.0,
          32.0,
          -11.0,
          -9.0,
          17.0,
          8.0,
          6.0,
          -4.0,
          43.0,
          -10.0,
          -7.0,
          4.0,
          3.0,
          9.0,
          -15.0,
          -10.0,
          14.0,
          15.0,
          -16.0,
          2.0,
          32.0,
          25.0,
          21.0,
          -17.0,
          3.0,
          26.0,
          -17.0,
          -10.0,
          -11.0,
          3.0,
          24.0,
          12.0,
          34.0,
          -11.0,
          23.0,
          23.0,
          18.0,
          57.0,
          5.0,
          15.0,
          4.0,
          -23.0,
          21.0,
          30.0,
          -17.0,
          -4.0,
          9.0,
          15.0,
          14.0,
          19.0,
          -2.0,
          5.0,
          5.0,
          11.0,
          18.0,
          4.0,
          21.0,
          -5.0,
          -4.0,
          -12.0,
          9.0,
          29.0,
          9.0,
          -19.0,
          36.0,
          20.0,
          45.0,
          18.0,
          -16.0,
          -3.0,
          5.0,
          -10.0,
          6.0,
          39.0,
          21.0,
          10.0,
          -5.0,
          21.0,
          -12.0,
          16.0,
          8.0,
          -12.0,
          13.0,
          -6.0,
          -4.0,
          10.0,
          22.0,
          11.0,
          5.0,
          18.0,
          5.0,
          9.0,
          9.0,
          14.0,
          -13.0,
          15.0
        ],
        "memory_errors": 0,
        "opponent_name": "Yolanda3_3",
        "require_positive_margin": true,
        "required_score_rate": 0.52,
        "score_rate": 0.675,
        "ties": 0,
        "timeouts": 0,
        "wins": 135
      },
      {
        "avg_margin": 4.995,
        "catastrophic_losses": 0,
        "crashes": 0,
        "failed_inits": 0,
        "games": 200,
        "invalid_turns": 0,
        "losses": 68,
        "margins": [
          13.0,
          23.0,
          35.0,
          9.0,
          30.0,
          -18.0,
          5.0,
          -12.0,
          -7.0,
          9.0,
          4.0,
          -19.0,
          4.0,
          13.0,
          -15.0,
          14.0,
          9.0,
          4.0,
          -25.0,
          3.0,
          15.0,
          7.0,
          10.0,
          20.0,
          20.0,
          28.0,
          -4.0,
          -22.0,
          -1.0,
          12.0,
          -4.0,
          -33.0,
          -1.0,
          32.0,
          19.0,
          -9.0,
          -14.0,
          17.0,
          3.0,
          -14.0,
          6.0,
          21.0,
          -27.0,
          8.0,
          16.0,
          -9.0,
          19.0,
          -7.0,
          -13.0,
          -10.0,
          22.0,
          -22.0,
          20.0,
          10.0,
          21.0,
          -5.0,
          35.0,
          -6.0,
          -15.0,
          -3.0,
          5.0,
          7.0,
          -8.0,
          8.0,
          -6.0,
          3.0,
          2.0,
          37.0,
          -6.0,
          27.0,
          12.0,
          -3.0,
          4.0,
          -15.0,
          39.0,
          7.0,
          16.0,
          5.0,
          12.0,
          29.0,
          8.0,
          -19.0,
          18.0,
          4.0,
          16.0,
          8.0,
          4.0,
          1.0,
          -16.0,
          11.0,
          -5.0,
          5.0,
          4.0,
          5.0,
          -30.0,
          -15.0,
          7.0,
          4.0,
          -21.0,
          46.0,
          22.0,
          5.0,
          -8.0,
          11.0,
          16.0,
          11.0,
          -12.0,
          18.0,
          14.0,
          17.0,
          -14.0,
          13.0,
          -11.0,
          10.0,
          2.0,
          10.0,
          -9.0,
          5.0,
          -5.0,
          51.0,
          -1.0,
          -1.0,
          26.0,
          4.0,
          10.0,
          12.0,
          -5.0,
          33.0,
          10.0,
          -4.0,
          18.0,
          -5.0,
          15.0,
          26.0,
          -24.0,
          -22.0,
          9.0,
          10.0,
          -21.0,
          3.0,
          12.0,
          -17.0,
          -23.0,
          28.0,
          -4.0,
          20.0,
          7.0,
          -4.0,
          3.0,
          24.0,
          -24.0,
          -7.0,
          -5.0,
          17.0,
          5.0,
          10.0,
          -15.0,
          -29.0,
          -6.0,
          23.0,
          -10.0,
          12.0,
          12.0,
          23.0,
          -18.0,
          9.0,
          24.0,
          14.0,
          15.0,
          11.0,
          8.0,
          24.0,
          14.0,
          -3.0,
          34.0,
          9.0,
          8.0,
          7.0,
          25.0,
          -18.0,
          10.0,
          11.0,
          9.0,
          -6.0,
          35.0,
          -9.0,
          31.0,
          12.0,
          34.0,
          5.0,
          21.0,
          -34.0,
          22.0,
          -9.0,
          5.0,
          4.0,
          -23.0,
          -4.0,
          -4.0,
          4.0
        ],
        "memory_errors": 0,
        "opponent_name": "Yolanda5",
        "require_positive_margin": true,
        "required_score_rate": 0.52,
        "score_rate": 0.6575,
        "ties": 1,
        "timeouts": 0,
        "wins": 131
      },
      {
        "avg_margin": 66.91,
        "catastrophic_losses": 0,
        "crashes": 0,
        "failed_inits": 0,
        "games": 200,
        "invalid_turns": 0,
        "losses": 0,
        "margins": [
          83.0,
          85.0,
          60.0,
          72.0,
          52.0,
          60.0,
          78.0,
          89.0,
          54.0,
          64.0,
          58.0,
          66.0,
          59.0,
          76.0,
          89.0,
          63.0,
          90.0,
          75.0,
          83.0,
          61.0,
          54.0,
          55.0,
          47.0,
          36.0,
          64.0,
          66.0,
          75.0,
          77.0,
          74.0,
          42.0,
          73.0,
          75.0,
          77.0,
          56.0,
          63.0,
          70.0,
          75.0,
          60.0,
          73.0,
          55.0,
          47.0,
          90.0,
          85.0,
          69.0,
          82.0,
          40.0,
          79.0,
          50.0,
          66.0,
          85.0,
          59.0,
          84.0,
          69.0,
          85.0,
          65.0,
          75.0,
          49.0,
          56.0,
          56.0,
          85.0,
          64.0,
          68.0,
          64.0,
          73.0,
          55.0,
          38.0,
          75.0,
          55.0,
          61.0,
          70.0,
          46.0,
          57.0,
          58.0,
          55.0,
          46.0,
          49.0,
          67.0,
          57.0,
          58.0,
          73.0,
          62.0,
          85.0,
          53.0,
          73.0,
          66.0,
          71.0,
          69.0,
          76.0,
          69.0,
          67.0,
          50.0,
          86.0,
          90.0,
          47.0,
          68.0,
          72.0,
          91.0,
          78.0,
          76.0,
          62.0,
          74.0,
          70.0,
          59.0,
          47.0,
          78.0,
          69.0,
          54.0,
          67.0,
          89.0,
          70.0,
          90.0,
          59.0,
          69.0,
          49.0,
          68.0,
          49.0,
          67.0,
          75.0,
          68.0,
          46.0,
          62.0,
          89.0,
          58.0,
          69.0,
          75.0,
          67.0,
          47.0,
          65.0,
          59.0,
          71.0,
          88.0,
          66.0,
          82.0,
          50.0,
          65.0,
          69.0,
          77.0,
          71.0,
          48.0,
          69.0,
          70.0,
          79.0,
          61.0,
          74.0,
          71.0,
          65.0,
          47.0,
          48.0,
          77.0,
          76.0,
          59.0,
          76.0,
          49.0,
          51.0,
          68.0,
          66.0,
          88.0,
          82.0,
          72.0,
          65.0,
          46.0,
          51.0,
          59.0,
          77.0,
          74.0,
          66.0,
          57.0,
          79.0,
          60.0,
          73.0,
          67.0,
          79.0,
          79.0,
          65.0,
          64.0,
          91.0,
          63.0,
          50.0,
          73.0,
          78.0,
          62.0,
          63.0,
          72.0,
          76.0,
          90.0,
          84.0,
          56.0,
          54.0,
          46.0,
          82.0,
          66.0,
          87.0,
          82.0,
          49.0,
          66.0,
          60.0,
          73.0,
          64.0,
          62.0,
          69.0
        ],
        "memory_errors": 0,
        "opponent_name": "RandomSearchBaseline",
        "require_positive_margin": true,
        "required_score_rate": 0.52,
        "score_rate": 1.0,
        "ties": 0,
        "timeouts": 0,
        "wins": 200
      }
    ]
  },
  "definitive_improvement_passed": true,
  "evaluation_profile": "tuning",
  "generations": 30,
  "history": [
    {
      "best_fitness": 5.566333333333334,
      "generation": 0,
      "mean_fitness": 4.331791666666667,
      "strict_validation_details": null,
      "strict_validation_passed": null,
      "weights": {
        "a": 1.5582063894086093,
        "b": 0.2681219027817386,
        "c": 1.480560732585869,
        "d": 0.07423958431348539,
        "f": 0.8673729837227373,
        "fast_search_max_carpet_points": 11.816106571660153,
        "fast_search_prob_threshold": 0.8757747889016291,
        "g": 0.9380984267415948,
        "late_centrality_scale": 0.19930184827752218,
        "late_mult_a": 1.5,
        "late_mult_b": 0.3,
        "late_mult_c": 0.5,
        "late_mult_d": 1.2,
        "late_mult_f": 0.5,
        "mid_lead_centrality_scale": 0.5867378113258754,
        "mid_lead_space_bonus": 0.18985697585826844,
        "mid_mult_a": 1.0,
        "mid_mult_b": 0.8,
        "mid_mult_c": 1.5,
        "mid_mult_d": 0.8,
        "mid_mult_f": 1.0,
        "mid_trailing_centrality_scale": 1.2199308044985617,
        "opening_centrality_scale": 1.30188877278894,
        "opening_mult_a": 1.2,
        "opening_mult_b": 1.0,
        "opening_mult_c": 1.5,
        "opening_mult_d": 0.4,
        "opening_mult_f": 1.0,
        "sabotage_bonus": 3.287530758655098,
        "threatened_cashout_bonus": 2.013713097765572,
        "time_late_cap": 3.0,
        "time_late_multiplier": 1.0,
        "time_mid_cap": 6.0,
        "time_mid_multiplier": 1.4,
        "time_opening_cap": 8.0,
        "time_opening_multiplier": 1.8
      },
      "worst_fitness": 2.9975000000000005
    },
    {
      "best_fitness": 7.449833333333334,
      "generation": 1,
      "mean_fitness": 6.214277777777778,
      "strict_validation_details": null,
      "strict_validation_passed": null,
      "weights": {
        "a": 1.3646696225867838,
        "b": 0.6828791477117194,
        "c": 1.7421115613832738,
        "d": 0.08793562687804475,
        "f": 0.7439786144575644,
        "fast_search_max_carpet_points": 12.061435417725857,
        "fast_search_prob_threshold": 0.8483990129217367,
        "g": 0.42921531667939744,
        "late_centrality_scale": 0.1124777427276222,
        "late_mult_a": 1.5,
        "late_mult_b": 0.3,
        "late_mult_c": 0.5,
        "late_mult_d": 1.2,
        "late_mult_f": 0.5,
        "mid_lead_centrality_scale": 0.6885706639720236,
        "mid_lead_space_bonus": 0.44614790189554004,
        "mid_mult_a": 1.0,
        "mid_mult_b": 0.8,
        "mid_mult_c": 1.5,
        "mid_mult_d": 0.8,
        "mid_mult_f": 1.0,
        "mid_trailing_centrality_scale": 1.1585247198624153,
        "opening_centrality_scale": 1.3524214492148479,
        "opening_mult_a": 1.2,
        "opening_mult_b": 1.0,
        "opening_mult_c": 1.5,
        "opening_mult_d": 0.4,
        "opening_mult_f": 1.0,
        "sabotage_bonus": 3.566635608895407,
        "threatened_cashout_bonus": 1.813193683600635,
        "time_late_cap": 3.0,
        "time_late_multiplier": 1.0,
        "time_mid_cap": 6.0,
        "time_mid_multiplier": 1.4,
        "time_opening_cap": 8.0,
        "time_opening_multiplier": 1.8
      },
      "worst_fitness": 4.214166666666667
    },
    {
      "best_fitness": 6.679166666666668,
      "generation": 2,
      "mean_fitness": 4.998083333333334,
      "strict_validation_details": null,
      "strict_validation_passed": null,
      "weights": {
        "a": 1.4278815621563716,
        "b": 0.6314957816921881,
        "c": 1.7558090075363526,
        "d": 0.33510658240381613,
        "f": 0.802202992846993,
        "fast_search_max_carpet_points": 11.923896646278745,
        "fast_search_prob_threshold": 0.9112245522458905,
        "g": 0.5135069169394189,
        "late_centrality_scale": 0.06698895598821941,
        "late_mult_a": 1.5,
        "late_mult_b": 0.3,
        "late_mult_c": 0.5,
        "late_mult_d": 1.2,
        "late_mult_f": 0.5,
        "mid_lead_centrality_scale": 0.5579084231455642,
        "mid_lead_space_bonus": 0.7482522335811528,
        "mid_mult_a": 1.0,
        "mid_mult_b": 0.8,
        "mid_mult_c": 1.5,
        "mid_mult_d": 0.8,
        "mid_mult_f": 1.0,
        "mid_trailing_centrality_scale": 1.2530157412920222,
        "opening_centrality_scale": 1.4884731716020698,
        "opening_mult_a": 1.2,
        "opening_mult_b": 1.0,
        "opening_mult_c": 1.5,
        "opening_mult_d": 0.4,
        "opening_mult_f": 1.0,
        "sabotage_bonus": 3.3006070757853414,
        "threatened_cashout_bonus": 1.7369561281444565,
        "time_late_cap": 3.0,
        "time_late_multiplier": 1.0,
        "time_mid_cap": 6.0,
        "time_mid_multiplier": 1.4,
        "time_opening_cap": 8.0,
        "time_opening_multiplier": 1.8
      },
      "worst_fitness": 2.466
    },
    {
      "best_fitness": 6.802833333333333,
      "generation": 3,
      "mean_fitness": 5.840597222222222,
      "strict_validation_details": null,
      "strict_validation_passed": null,
      "weights": {
        "a": 1.402431040970325,
        "b": 0.4854404278055732,
        "c": 1.9129071005437654,
        "d": 0.302740157271432,
        "f": 0.9226573041896315,
        "fast_search_max_carpet_points": 12.252194426268604,
        "fast_search_prob_threshold": 0.9773826437399518,
        "g": 0.33753584505309764,
        "late_centrality_scale": 0.10057950119412559,
        "late_mult_a": 1.5,
        "late_mult_b": 0.3,
        "late_mult_c": 0.5,
        "late_mult_d": 1.2,
        "late_mult_f": 0.5,
        "mid_lead_centrality_scale": 0.4540103102364509,
        "mid_lead_space_bonus": 0.8531145292610642,
        "mid_mult_a": 1.0,
        "mid_mult_b": 0.8,
        "mid_mult_c": 1.5,
        "mid_mult_d": 0.8,
        "mid_mult_f": 1.0,
        "mid_trailing_centrality_scale": 1.1505280336877097,
        "opening_centrality_scale": 1.411362613766142,
        "opening_mult_a": 1.2,
        "opening_mult_b": 1.0,
        "opening_mult_c": 1.5,
        "opening_mult_d": 0.4,
        "opening_mult_f": 1.0,
        "sabotage_bonus": 3.4715854303921607,
        "threatened_cashout_bonus": 1.9294144863679148,
        "time_late_cap": 3.0,
        "time_late_multiplier": 1.0,
        "time_mid_cap": 6.0,
        "time_mid_multiplier": 1.4,
        "time_opening_cap": 8.0,
        "time_opening_multiplier": 1.8
      },
      "worst_fitness": 4.544166666666667
    },
    {
      "best_fitness": 6.623166666666666,
      "generation": 4,
      "mean_fitness": 5.281972222222222,
      "strict_validation_details": [
        {
          "avg_margin": 3.2,
          "catastrophic_losses": 0,
          "crashes": 0,
          "failed_inits": 0,
          "games": 5,
          "invalid_turns": 0,
          "losses": 2,
          "margins": [
            17.0,
            5.0,
            -17.0,
            16.0,
            -5.0
          ],
          "memory_errors": 0,
          "opponent_name": "yolanda_mitch1_2",
          "ties": 0,
          "timeouts": 0,
          "wins": 3
        },
        {
          "avg_margin": -1.4,
          "catastrophic_losses": 0,
          "crashes": 0,
          "failed_inits": 0,
          "games": 5,
          "invalid_turns": 0,
          "losses": 3,
          "margins": [
            -6.0,
            16.0,
            3.0,
            -18.0,
            -2.0
          ],
          "memory_errors": 0,
          "opponent_name": "Yolanda6",
          "ties": 0,
          "timeouts": 0,
          "wins": 2
        },
        {
          "avg_margin": 1.8,
          "catastrophic_losses": 0,
          "crashes": 0,
          "failed_inits": 0,
          "games": 5,
          "invalid_turns": 0,
          "losses": 2,
          "margins": [
            -10.0,
            3.0,
            -18.0,
            20.0,
            14.0
          ],
          "memory_errors": 0,
          "opponent_name": "yolanda_prime_v1_2_baseline",
          "ties": 0,
          "timeouts": 0,
          "wins": 3
        }
      ],
      "strict_validation_passed": true,
      "weights": {
        "a": 1.3896351305028751,
        "b": 0.6259451547809731,
        "c": 2.122239755873315,
        "d": 0.1783388509584246,
        "f": 0.9345444252347955,
        "fast_search_max_carpet_points": 11.759093999417157,
        "fast_search_prob_threshold": 0.9796703102528366,
        "g": 0.19279508574096738,
        "late_centrality_scale": 0.16394280169001374,
        "late_mult_a": 1.5,
        "late_mult_b": 0.3,
        "late_mult_c": 0.5,
        "late_mult_d": 1.2,
        "late_mult_f": 0.5,
        "mid_lead_centrality_scale": 0.5291100201383094,
        "mid_lead_space_bonus": 0.35943333325841664,
        "mid_mult_a": 1.0,
        "mid_mult_b": 0.8,
        "mid_mult_c": 1.5,
        "mid_mult_d": 0.8,
        "mid_mult_f": 1.0,
        "mid_trailing_centrality_scale": 0.8462451360488384,
        "opening_centrality_scale": 1.437069426169877,
        "opening_mult_a": 1.2,
        "opening_mult_b": 1.0,
        "opening_mult_c": 1.5,
        "opening_mult_d": 0.4,
        "opening_mult_f": 1.0,
        "sabotage_bonus": 3.6954038741534054,
        "threatened_cashout_bonus": 1.8991504099506453,
        "time_late_cap": 3.0,
        "time_late_multiplier": 1.0,
        "time_mid_cap": 6.0,
        "time_mid_multiplier": 1.4,
        "time_opening_cap": 8.0,
        "time_opening_multiplier": 1.8
      },
      "worst_fitness": 3.9243333333333332
    },
    {
      "best_fitness": 3.9724999999999997,
      "generation": 5,
      "mean_fitness": 3.280944444444445,
      "strict_validation_details": null,
      "strict_validation_passed": null,
      "weights": {
        "a": 1.1933267923511737,
        "b": 0.5275389386302631,
        "c": 2.152598039859318,
        "d": 0.19193805727470864,
        "f": 1.3020983652541502,
        "fast_search_max_carpet_points": 12.078294824805143,
        "fast_search_prob_threshold": 0.794637074066521,
        "g": 0.36755670881997293,
        "late_centrality_scale": 0.12589893458464815,
        "late_mult_a": 1.5,
        "late_mult_b": 0.3,
        "late_mult_c": 0.5,
        "late_mult_d": 1.2,
        "late_mult_f": 0.5,
        "mid_lead_centrality_scale": 0.7951204803087402,
        "mid_lead_space_bonus": 0.632174807770503,
        "mid_mult_a": 1.0,
        "mid_mult_b": 0.8,
        "mid_mult_c": 1.5,
        "mid_mult_d": 0.8,
        "mid_mult_f": 1.0,
        "mid_trailing_centrality_scale": 0.8785409597615416,
        "opening_centrality_scale": 1.0951572401853282,
        "opening_mult_a": 1.2,
        "opening_mult_b": 1.0,
        "opening_mult_c": 1.5,
        "opening_mult_d": 0.4,
        "opening_mult_f": 1.0,
        "sabotage_bonus": 4.035835229884132,
        "threatened_cashout_bonus": 2.1434785898097286,
        "time_late_cap": 3.0,
        "time_late_multiplier": 1.0,
        "time_mid_cap": 6.0,
        "time_mid_multiplier": 1.4,
        "time_opening_cap": 8.0,
        "time_opening_multiplier": 1.8
      },
      "worst_fitness": 2.3865000000000007
    },
    {
      "best_fitness": 6.899166666666667,
      "generation": 6,
      "mean_fitness": 5.780541666666667,
      "strict_validation_details": null,
      "strict_validation_passed": null,
      "weights": {
        "a": 1.135971748131597,
        "b": 0.5837605299787292,
        "c": 1.9452882631312418,
        "d": 0.08560392978955961,
        "f": 0.9626524769941607,
        "fast_search_max_carpet_points": 11.847966531641962,
        "fast_search_prob_threshold": 0.9774279259570515,
        "g": 0.5479451238317831,
        "late_centrality_scale": 0.2742597696003754,
        "late_mult_a": 1.5,
        "late_mult_b": 0.3,
        "late_mult_c": 0.5,
        "late_mult_d": 1.2,
        "late_mult_f": 0.5,
        "mid_lead_centrality_scale": 0.7640300769238666,
        "mid_lead_space_bonus": 0.5173869791949479,
        "mid_mult_a": 1.0,
        "mid_mult_b": 0.8,
        "mid_mult_c": 1.5,
        "mid_mult_d": 0.8,
        "mid_mult_f": 1.0,
        "mid_trailing_centrality_scale": 0.7074841876308738,
        "opening_centrality_scale": 1.3368699324935225,
        "opening_mult_a": 1.2,
        "opening_mult_b": 1.0,
        "opening_mult_c": 1.5,
        "opening_mult_d": 0.4,
        "opening_mult_f": 1.0,
        "sabotage_bonus": 3.626364036052012,
        "threatened_cashout_bonus": 2.1055776034251057,
        "time_late_cap": 3.0,
        "time_late_multiplier": 1.0,
        "time_mid_cap": 6.0,
        "time_mid_multiplier": 1.4,
        "time_opening_cap": 8.0,
        "time_opening_multiplier": 1.8
      },
      "worst_fitness": 4.680166666666667
    },
    {
      "best_fitness": 5.599,
      "generation": 7,
      "mean_fitness": 4.857,
      "strict_validation_details": null,
      "strict_validation_passed": null,
      "weights": {
        "a": 1.0780285326153447,
        "b": 0.4839397540164008,
        "c": 1.7714921861485924,
        "d": 0.1705497306766339,
        "f": 0.6889671424456132,
        "fast_search_max_carpet_points": 12.163639249719582,
        "fast_search_prob_threshold": 0.9669083834788951,
        "g": 0.618662809458215,
        "late_centrality_scale": 0.007245454942155229,
        "late_mult_a": 1.5,
        "late_mult_b": 0.3,
        "late_mult_c": 0.5,
        "late_mult_d": 1.2,
        "late_mult_f": 0.5,
        "mid_lead_centrality_scale": 0.6856106539614092,
        "mid_lead_space_bonus": 1.0396610549645344,
        "mid_mult_a": 1.0,
        "mid_mult_b": 0.8,
        "mid_mult_c": 1.5,
        "mid_mult_d": 0.8,
        "mid_mult_f": 1.0,
        "mid_trailing_centrality_scale": 1.4435604428544988,
        "opening_centrality_scale": 1.2761659553952827,
        "opening_mult_a": 1.2,
        "opening_mult_b": 1.0,
        "opening_mult_c": 1.5,
        "opening_mult_d": 0.4,
        "opening_mult_f": 1.0,
        "sabotage_bonus": 3.7432691311298454,
        "threatened_cashout_bonus": 1.6758132929682499,
        "time_late_cap": 3.0,
        "time_late_multiplier": 1.0,
        "time_mid_cap": 6.0,
        "time_mid_multiplier": 1.4,
        "time_opening_cap": 8.0,
        "time_opening_multiplier": 1.8
      },
      "worst_fitness": 4.096666666666668
    },
    {
      "best_fitness": 7.631333333333334,
      "generation": 8,
      "mean_fitness": 6.998388888888889,
      "strict_validation_details": null,
      "strict_validation_passed": null,
      "weights": {
        "a": 0.9022806999813614,
        "b": 0.7007778112703265,
        "c": 2.031905403441423,
        "d": 0.1764474697421757,
        "f": 0.8647572823124333,
        "fast_search_max_carpet_points": 12.305410639961357,
        "fast_search_prob_threshold": 0.9670832203320686,
        "g": 0.3442416839730381,
        "late_centrality_scale": 0.062058492859227654,
        "late_mult_a": 1.5,
        "late_mult_b": 0.3,
        "late_mult_c": 0.5,
        "late_mult_d": 1.2,
        "late_mult_f": 0.5,
        "mid_lead_centrality_scale": 0.48880253689694164,
        "mid_lead_space_bonus": 1.0798439313083086,
        "mid_mult_a": 1.0,
        "mid_mult_b": 0.8,
        "mid_mult_c": 1.5,
        "mid_mult_d": 0.8,
        "mid_mult_f": 1.0,
        "mid_trailing_centrality_scale": 1.3899888788542796,
        "opening_centrality_scale": 1.2065466962172835,
        "opening_mult_a": 1.2,
        "opening_mult_b": 1.0,
        "opening_mult_c": 1.5,
        "opening_mult_d": 0.4,
        "opening_mult_f": 1.0,
        "sabotage_bonus": 3.728953295322952,
        "threatened_cashout_bonus": 1.3095950446764038,
        "time_late_cap": 3.0,
        "time_late_multiplier": 1.0,
        "time_mid_cap": 6.0,
        "time_mid_multiplier": 1.4,
        "time_opening_cap": 8.0,
        "time_opening_multiplier": 1.8
      },
      "worst_fitness": 5.870666666666668
    },
    {
      "best_fitness": 8.273,
      "generation": 9,
      "mean_fitness": 7.294097222222223,
      "strict_validation_details": [
        {
          "avg_margin": 1.4,
          "catastrophic_losses": 0,
          "crashes": 0,
          "failed_inits": 0,
          "games": 5,
          "invalid_turns": 0,
          "losses": 2,
          "margins": [
            17.0,
            5.0,
            -17.0,
            17.0,
            -15.0
          ],
          "memory_errors": 0,
          "opponent_name": "yolanda_mitch1_2",
          "ties": 0,
          "timeouts": 0,
          "wins": 3
        },
        {
          "avg_margin": -1.2,
          "catastrophic_losses": 0,
          "crashes": 0,
          "failed_inits": 0,
          "games": 5,
          "invalid_turns": 0,
          "losses": 2,
          "margins": [
            -6.0,
            9.0,
            3.0,
            -18.0,
            6.0
          ],
          "memory_errors": 0,
          "opponent_name": "Yolanda6",
          "ties": 0,
          "timeouts": 0,
          "wins": 3
        },
        {
          "avg_margin": 4.8,
          "catastrophic_losses": 0,
          "crashes": 0,
          "failed_inits": 0,
          "games": 5,
          "invalid_turns": 0,
          "losses": 1,
          "margins": [
            -10.0,
            3.0,
            15.0,
            11.0,
            5.0
          ],
          "memory_errors": 0,
          "opponent_name": "yolanda_prime_v1_2_baseline",
          "ties": 0,
          "timeouts": 0,
          "wins": 4
        }
      ],
      "strict_validation_passed": true,
      "weights": {
        "a": 1.2315658234053053,
        "b": 0.8413889178515472,
        "c": 2.443827250595496,
        "d": 0.1346963294878325,
        "f": 0.7768165715362956,
        "fast_search_max_carpet_points": 12.28561131689218,
        "fast_search_prob_threshold": 0.9491829660094236,
        "g": 0.26360615823460376,
        "late_centrality_scale": 0.09508799273463889,
        "late_mult_a": 1.5,
        "late_mult_b": 0.3,
        "late_mult_c": 0.5,
        "late_mult_d": 1.2,
        "late_mult_f": 0.5,
        "mid_lead_centrality_scale": 1.0876452524851472,
        "mid_lead_space_bonus": 1.2035632350069545,
        "mid_mult_a": 1.0,
        "mid_mult_b": 0.8,
        "mid_mult_c": 1.5,
        "mid_mult_d": 0.8,
        "mid_mult_f": 1.0,
        "mid_trailing_centrality_scale": 1.2490069935178725,
        "opening_centrality_scale": 1.2476203778988082,
        "opening_mult_a": 1.2,
        "opening_mult_b": 1.0,
        "opening_mult_c": 1.5,
        "opening_mult_d": 0.4,
        "opening_mult_f": 1.0,
        "sabotage_bonus": 3.83978857814414,
        "threatened_cashout_bonus": 1.386124732440375,
        "time_late_cap": 3.0,
        "time_late_multiplier": 1.0,
        "time_mid_cap": 6.0,
        "time_mid_multiplier": 1.4,
        "time_opening_cap": 8.0,
        "time_opening_multiplier": 1.8
      },
      "worst_fitness": 6.041166666666666
    },
    {
      "best_fitness": 7.456333333333332,
      "generation": 10,
      "mean_fitness": 5.9966388888888895,
      "strict_validation_details": null,
      "strict_validation_passed": null,
      "weights": {
        "a": 1.5303090008147615,
        "b": 1.0834949778813676,
        "c": 2.9997044660292795,
        "d": 0.5523136258645163,
        "f": 0.548440400304553,
        "fast_search_max_carpet_points": 12.510958740974614,
        "fast_search_prob_threshold": 0.9704734646972808,
        "g": 0.09501112138774467,
        "late_centrality_scale": 0.5415257146887528,
        "late_mult_a": 1.5,
        "late_mult_b": 0.3,
        "late_mult_c": 0.5,
        "late_mult_d": 1.2,
        "late_mult_f": 0.5,
        "mid_lead_centrality_scale": 0.6696187959881152,
        "mid_lead_space_bonus": 1.3532882701565179,
        "mid_mult_a": 1.0,
        "mid_mult_b": 0.8,
        "mid_mult_c": 1.5,
        "mid_mult_d": 0.8,
        "mid_mult_f": 1.0,
        "mid_trailing_centrality_scale": 0.9145907813550591,
        "opening_centrality_scale": 1.0706805058633473,
        "opening_mult_a": 1.2,
        "opening_mult_b": 1.0,
        "opening_mult_c": 1.5,
        "opening_mult_d": 0.4,
        "opening_mult_f": 1.0,
        "sabotage_bonus": 3.6891558709308647,
        "threatened_cashout_bonus": 1.196226055872064,
        "time_late_cap": 3.0,
        "time_late_multiplier": 1.0,
        "time_mid_cap": 6.0,
        "time_mid_multiplier": 1.4,
        "time_opening_cap": 8.0,
        "time_opening_multiplier": 1.8
      },
      "worst_fitness": 5.312666666666667
    },
    {
      "best_fitness": 4.817166666666667,
      "generation": 11,
      "mean_fitness": 4.327111111111111,
      "strict_validation_details": null,
      "strict_validation_passed": null,
      "weights": {
        "a": 1.4261452834433186,
        "b": 1.2607336694081832,
        "c": 2.745401051477137,
        "d": 0.1842582505584643,
        "f": 0.7324799028800365,
        "fast_search_max_carpet_points": 12.662491646601367,
        "fast_search_prob_threshold": 0.9661286646091805,
        "g": 0.49201832065691536,
        "late_centrality_scale": 0.13137641198338168,
        "late_mult_a": 1.5,
        "late_mult_b": 0.3,
        "late_mult_c": 0.5,
        "late_mult_d": 1.2,
        "late_mult_f": 0.5,
        "mid_lead_centrality_scale": 1.121567308914569,
        "mid_lead_space_bonus": 1.4556628007501582,
        "mid_mult_a": 1.0,
        "mid_mult_b": 0.8,
        "mid_mult_c": 1.5,
        "mid_mult_d": 0.8,
        "mid_mult_f": 1.0,
        "mid_trailing_centrality_scale": 1.470041245116655,
        "opening_centrality_scale": 0.938271380005174,
        "opening_mult_a": 1.2,
        "opening_mult_b": 1.0,
        "opening_mult_c": 1.5,
        "opening_mult_d": 0.4,
        "opening_mult_f": 1.0,
        "sabotage_bonus": 3.6566510309233986,
        "threatened_cashout_bonus": 0.9237884323910346,
        "time_late_cap": 3.0,
        "time_late_multiplier": 1.0,
        "time_mid_cap": 6.0,
        "time_mid_multiplier": 1.4,
        "time_opening_cap": 8.0,
        "time_opening_multiplier": 1.8
      },
      "worst_fitness": 3.768666666666667
    },
    {
      "best_fitness": 6.7525,
      "generation": 12,
      "mean_fitness": 6.041652777777778,
      "strict_validation_details": null,
      "strict_validation_passed": null,
      "weights": {
        "a": 1.8861768515323836,
        "b": 0.8127961078166481,
        "c": 2.9933476720258945,
        "d": 0.6365153774788559,
        "f": 0.7125950334016979,
        "fast_search_max_carpet_points": 12.04387919767578,
        "fast_search_prob_threshold": 0.8131000306597236,
        "g": 0.0856146957162847,
        "late_centrality_scale": 0.05075260836058593,
        "late_mult_a": 1.5,
        "late_mult_b": 0.3,
        "late_mult_c": 0.5,
        "late_mult_d": 1.2,
        "late_mult_f": 0.5,
        "mid_lead_centrality_scale": 0.7354330238017445,
        "mid_lead_space_bonus": 1.3239770508923134,
        "mid_mult_a": 1.0,
        "mid_mult_b": 0.8,
        "mid_mult_c": 1.5,
        "mid_mult_d": 0.8,
        "mid_mult_f": 1.0,
        "mid_trailing_centrality_scale": 1.054523107454464,
        "opening_centrality_scale": 1.1941362866086398,
        "opening_mult_a": 1.2,
        "opening_mult_b": 1.0,
        "opening_mult_c": 1.5,
        "opening_mult_d": 0.4,
        "opening_mult_f": 1.0,
        "sabotage_bonus": 3.684545214395921,
        "threatened_cashout_bonus": 1.6212980762791378,
        "time_late_cap": 3.0,
        "time_late_multiplier": 1.0,
        "time_mid_cap": 6.0,
        "time_mid_multiplier": 1.4,
        "time_opening_cap": 8.0,
        "time_opening_multiplier": 1.8
      },
      "worst_fitness": 5.1818333333333335
    },
    {
      "best_fitness": 5.977666666666667,
      "generation": 13,
      "mean_fitness": 5.3073749999999995,
      "strict_validation_details": null,
      "strict_validation_passed": null,
      "weights": {
        "a": 1.6733520772863915,
        "b": 0.3989974754228327,
        "c": 2.7637055867786815,
        "d": 0.6678986420992047,
        "f": 0.7340178534234708,
        "fast_search_max_carpet_points": 11.932400270193323,
        "fast_search_prob_threshold": 0.7984749504781475,
        "g": 0.491344494048808,
        "late_centrality_scale": 0.5016554213964374,
        "late_mult_a": 1.5,
        "late_mult_b": 0.3,
        "late_mult_c": 0.5,
        "late_mult_d": 1.2,
        "late_mult_f": 0.5,
        "mid_lead_centrality_scale": 0.6828749820126301,
        "mid_lead_space_bonus": 1.2115372161414197,
        "mid_mult_a": 1.0,
        "mid_mult_b": 0.8,
        "mid_mult_c": 1.5,
        "mid_mult_d": 0.8,
        "mid_mult_f": 1.0,
        "mid_trailing_centrality_scale": 1.9560052300291484,
        "opening_centrality_scale": 1.2896489582045723,
        "opening_mult_a": 1.2,
        "opening_mult_b": 1.0,
        "opening_mult_c": 1.5,
        "opening_mult_d": 0.4,
        "opening_mult_f": 1.0,
        "sabotage_bonus": 3.7218164061016057,
        "threatened_cashout_bonus": 1.7219332105428187,
        "time_late_cap": 3.0,
        "time_late_multiplier": 1.0,
        "time_mid_cap": 6.0,
        "time_mid_multiplier": 1.4,
        "time_opening_cap": 8.0,
        "time_opening_multiplier": 1.8
      },
      "worst_fitness": 4.934666666666667
    },
    {
      "best_fitness": 6.288166666666667,
      "generation": 14,
      "mean_fitness": 5.426333333333333,
      "strict_validation_details": [
        {
          "avg_margin": 0.8,
          "catastrophic_losses": 0,
          "crashes": 0,
          "failed_inits": 0,
          "games": 5,
          "invalid_turns": 0,
          "losses": 2,
          "margins": [
            14.0,
            5.0,
            -17.0,
            17.0,
            -15.0
          ],
          "memory_errors": 0,
          "opponent_name": "yolanda_mitch1_2",
          "ties": 0,
          "timeouts": 0,
          "wins": 3
        },
        {
          "avg_margin": 0.4,
          "catastrophic_losses": 0,
          "crashes": 0,
          "failed_inits": 0,
          "games": 5,
          "invalid_turns": 0,
          "losses": 3,
          "margins": [
            -3.0,
            9.0,
            3.0,
            -5.0,
            -2.0
          ],
          "memory_errors": 0,
          "opponent_name": "Yolanda6",
          "ties": 0,
          "timeouts": 0,
          "wins": 2
        },
        {
          "avg_margin": 2.0,
          "catastrophic_losses": 0,
          "crashes": 0,
          "failed_inits": 0,
          "games": 5,
          "invalid_turns": 0,
          "losses": 2,
          "margins": [
            -7.0,
            3.0,
            -5.0,
            14.0,
            5.0
          ],
          "memory_errors": 0,
          "opponent_name": "yolanda_prime_v1_2_baseline",
          "ties": 0,
          "timeouts": 0,
          "wins": 3
        }
      ],
      "strict_validation_passed": true,
      "weights": {
        "a": 1.2564897294776896,
        "b": 0.6740541749505349,
        "c": 2.994274095166718,
        "d": 0.35793147004221304,
        "f": 0.2005655017338788,
        "fast_search_max_carpet_points": 11.989457773999805,
        "fast_search_prob_threshold": 0.8901845303649542,
        "g": 0.30170866594697976,
        "late_centrality_scale": 0.5074660403901992,
        "late_mult_a": 1.5,
        "late_mult_b": 0.3,
        "late_mult_c": 0.5,
        "late_mult_d": 1.2,
        "late_mult_f": 0.5,
        "mid_lead_centrality_scale": 1.21352157269153,
        "mid_lead_space_bonus": 1.1678098956522704,
        "mid_mult_a": 1.0,
        "mid_mult_b": 0.8,
        "mid_mult_c": 1.5,
        "mid_mult_d": 0.8,
        "mid_mult_f": 1.0,
        "mid_trailing_centrality_scale": 1.7090307420649065,
        "opening_centrality_scale": 1.56354535252706,
        "opening_mult_a": 1.2,
        "opening_mult_b": 1.0,
        "opening_mult_c": 1.5,
        "opening_mult_d": 0.4,
        "opening_mult_f": 1.0,
        "sabotage_bonus": 3.3023308784991188,
        "threatened_cashout_bonus": 1.220401957613366,
        "time_late_cap": 3.0,
        "time_late_multiplier": 1.0,
        "time_mid_cap": 6.0,
        "time_mid_multiplier": 1.4,
        "time_opening_cap": 8.0,
        "time_opening_multiplier": 1.8
      },
      "worst_fitness": 4.253500000000001
    },
    {
      "best_fitness": 6.378,
      "generation": 15,
      "mean_fitness": 5.070111111111111,
      "strict_validation_details": null,
      "strict_validation_passed": null,
      "weights": {
        "a": 1.5398108494199376,
        "b": 0.1895985478759577,
        "c": 2.99192255506512,
        "d": 0.5331316458002286,
        "f": 0.8822511258404168,
        "fast_search_max_carpet_points": 11.895108956507825,
        "fast_search_prob_threshold": 0.9741882294175748,
        "g": 0.5293926127032759,
        "late_centrality_scale": 0.17977414005673167,
        "late_mult_a": 1.5,
        "late_mult_b": 0.3,
        "late_mult_c": 0.5,
        "late_mult_d": 1.2,
        "late_mult_f": 0.5,
        "mid_lead_centrality_scale": 0.8292489574250295,
        "mid_lead_space_bonus": 1.3464463223683527,
        "mid_mult_a": 1.0,
        "mid_mult_b": 0.8,
        "mid_mult_c": 1.5,
        "mid_mult_d": 0.8,
        "mid_mult_f": 1.0,
        "mid_trailing_centrality_scale": 1.9925744086416661,
        "opening_centrality_scale": 1.9392470461853368,
        "opening_mult_a": 1.2,
        "opening_mult_b": 1.0,
        "opening_mult_c": 1.5,
        "opening_mult_d": 0.4,
        "opening_mult_f": 1.0,
        "sabotage_bonus": 3.7849337204061086,
        "threatened_cashout_bonus": 1.31222004853237,
        "time_late_cap": 3.0,
        "time_late_multiplier": 1.0,
        "time_mid_cap": 6.0,
        "time_mid_multiplier": 1.4,
        "time_opening_cap": 8.0,
        "time_opening_multiplier": 1.8
      },
      "worst_fitness": 4.425333333333334
    },
    {
      "best_fitness": 5.732666666666667,
      "generation": 16,
      "mean_fitness": 4.960000000000001,
      "strict_validation_details": null,
      "strict_validation_passed": null,
      "weights": {
        "a": 0.7901196009205873,
        "b": 0.8093062865037965,
        "c": 2.4809223346717117,
        "d": 0.6704968561360154,
        "f": 1.4432444216618001,
        "fast_search_max_carpet_points": 12.15501971697397,
        "fast_search_prob_threshold": 0.9789750225362199,
        "g": 0.46287116090383296,
        "late_centrality_scale": 0.1586230888935024,
        "late_mult_a": 1.5,
        "late_mult_b": 0.3,
        "late_mult_c": 0.5,
        "late_mult_d": 1.2,
        "late_mult_f": 0.5,
        "mid_lead_centrality_scale": 0.7239414669596573,
        "mid_lead_space_bonus": 0.8822816466120957,
        "mid_mult_a": 1.0,
        "mid_mult_b": 0.8,
        "mid_mult_c": 1.5,
        "mid_mult_d": 0.8,
        "mid_mult_f": 1.0,
        "mid_trailing_centrality_scale": 1.7030131423129222,
        "opening_centrality_scale": 1.8896500111147922,
        "opening_mult_a": 1.2,
        "opening_mult_b": 1.0,
        "opening_mult_c": 1.5,
        "opening_mult_d": 0.4,
        "opening_mult_f": 1.0,
        "sabotage_bonus": 3.664562359373462,
        "threatened_cashout_bonus": 1.6028930337113412,
        "time_late_cap": 3.0,
        "time_late_multiplier": 1.0,
        "time_mid_cap": 6.0,
        "time_mid_multiplier": 1.4,
        "time_opening_cap": 8.0,
        "time_opening_multiplier": 1.8
      },
      "worst_fitness": 4.0445
    },
    {
      "best_fitness": 5.862166666666667,
      "generation": 17,
      "mean_fitness": 4.393347222222222,
      "strict_validation_details": null,
      "strict_validation_passed": null,
      "weights": {
        "a": 1.3115179524930773,
        "b": 0.5722409579818137,
        "c": 2.9869990954498173,
        "d": 0.1642466774690901,
        "f": 1.043805125041778,
        "fast_search_max_carpet_points": 12.368546823148435,
        "fast_search_prob_threshold": 0.978762145644383,
        "g": 0.6936516500823401,
        "late_centrality_scale": 0.05368504135710678,
        "late_mult_a": 1.5,
        "late_mult_b": 0.3,
        "late_mult_c": 0.5,
        "late_mult_d": 1.2,
        "late_mult_f": 0.5,
        "mid_lead_centrality_scale": 1.1527370313493284,
        "mid_lead_space_bonus": 1.3692737254650156,
        "mid_mult_a": 1.0,
        "mid_mult_b": 0.8,
        "mid_mult_c": 1.5,
        "mid_mult_d": 0.8,
        "mid_mult_f": 1.0,
        "mid_trailing_centrality_scale": 1.6679458856368734,
        "opening_centrality_scale": 1.5782026470285602,
        "opening_mult_a": 1.2,
        "opening_mult_b": 1.0,
        "opening_mult_c": 1.5,
        "opening_mult_d": 0.4,
        "opening_mult_f": 1.0,
        "sabotage_bonus": 3.5351248264161805,
        "threatened_cashout_bonus": 1.5837550569206114,
        "time_late_cap": 3.0,
        "time_late_multiplier": 1.0,
        "time_mid_cap": 6.0,
        "time_mid_multiplier": 1.4,
        "time_opening_cap": 8.0,
        "time_opening_multiplier": 1.8
      },
      "worst_fitness": 3.110166666666667
    },
    {
      "best_fitness": 7.6305000000000005,
      "generation": 18,
      "mean_fitness": 6.94126388888889,
      "strict_validation_details": null,
      "strict_validation_passed": null,
      "weights": {
        "a": 0.9791889421336387,
        "b": 0.46872256914315924,
        "c": 2.6543205050071004,
        "d": 0.05219070854247884,
        "f": 0.39715437808728504,
        "fast_search_max_carpet_points": 12.067356662774305,
        "fast_search_prob_threshold": 0.9298574789409157,
        "g": 0.4569421504742171,
        "late_centrality_scale": 0.14672091606837165,
        "late_mult_a": 1.5,
        "late_mult_b": 0.3,
        "late_mult_c": 0.5,
        "late_mult_d": 1.2,
        "late_mult_f": 0.5,
        "mid_lead_centrality_scale": 0.826043287719612,
        "mid_lead_space_bonus": 1.9044126791466431,
        "mid_mult_a": 1.0,
        "mid_mult_b": 0.8,
        "mid_mult_c": 1.5,
        "mid_mult_d": 0.8,
        "mid_mult_f": 1.0,
        "mid_trailing_centrality_scale": 1.914344226324005,
        "opening_centrality_scale": 1.7327253948692725,
        "opening_mult_a": 1.2,
        "opening_mult_b": 1.0,
        "opening_mult_c": 1.5,
        "opening_mult_d": 0.4,
        "opening_mult_f": 1.0,
        "sabotage_bonus": 3.7741341920373563,
        "threatened_cashout_bonus": 1.813635827905817,
        "time_late_cap": 3.0,
        "time_late_multiplier": 1.0,
        "time_mid_cap": 6.0,
        "time_mid_multiplier": 1.4,
        "time_opening_cap": 8.0,
        "time_opening_multiplier": 1.8
      },
      "worst_fitness": 6.211166666666667
    },
    {
      "best_fitness": 4.949,
      "generation": 19,
      "mean_fitness": 4.597861111111111,
      "strict_validation_details": [
        {
          "avg_margin": 0.8,
          "catastrophic_losses": 0,
          "crashes": 0,
          "failed_inits": 0,
          "games": 5,
          "invalid_turns": 0,
          "losses": 2,
          "margins": [
            14.0,
            5.0,
            -17.0,
            17.0,
            -15.0
          ],
          "memory_errors": 0,
          "opponent_name": "yolanda_mitch1_2",
          "ties": 0,
          "timeouts": 0,
          "wins": 3
        },
        {
          "avg_margin": 0.4,
          "catastrophic_losses": 0,
          "crashes": 0,
          "failed_inits": 0,
          "games": 5,
          "invalid_turns": 0,
          "losses": 3,
          "margins": [
            -3.0,
            9.0,
            3.0,
            -5.0,
            -2.0
          ],
          "memory_errors": 0,
          "opponent_name": "Yolanda6",
          "ties": 0,
          "timeouts": 0,
          "wins": 2
        },
        {
          "avg_margin": 5.4,
          "catastrophic_losses": 0,
          "crashes": 0,
          "failed_inits": 0,
          "games": 5,
          "invalid_turns": 0,
          "losses": 2,
          "margins": [
            -7.0,
            20.0,
            -5.0,
            14.0,
            5.0
          ],
          "memory_errors": 0,
          "opponent_name": "yolanda_prime_v1_2_baseline",
          "ties": 0,
          "timeouts": 0,
          "wins": 3
        }
      ],
      "strict_validation_passed": true,
      "weights": {
        "a": 0.9840221376440818,
        "b": 0.7236657227768408,
        "c": 2.931160127049103,
        "d": 0.41309489766490737,
        "f": 0.23291993354801963,
        "fast_search_max_carpet_points": 12.290097872250064,
        "fast_search_prob_threshold": 0.9543493472359683,
        "g": 0.632161365097873,
        "late_centrality_scale": 0.5595381236858882,
        "late_mult_a": 1.5,
        "late_mult_b": 0.3,
        "late_mult_c": 0.5,
        "late_mult_d": 1.2,
        "late_mult_f": 0.5,
        "mid_lead_centrality_scale": 0.7991597826371878,
        "mid_lead_space_bonus": 1.728547783577385,
        "mid_mult_a": 1.0,
        "mid_mult_b": 0.8,
        "mid_mult_c": 1.5,
        "mid_mult_d": 0.8,
        "mid_mult_f": 1.0,
        "mid_trailing_centrality_scale": 1.7018692908884814,
        "opening_centrality_scale": 1.9817816688950254,
        "opening_mult_a": 1.2,
        "opening_mult_b": 1.0,
        "opening_mult_c": 1.5,
        "opening_mult_d": 0.4,
        "opening_mult_f": 1.0,
        "sabotage_bonus": 3.48583263459092,
        "threatened_cashout_bonus": 1.928640458849555,
        "time_late_cap": 3.0,
        "time_late_multiplier": 1.0,
        "time_mid_cap": 6.0,
        "time_mid_multiplier": 1.4,
        "time_opening_cap": 8.0,
        "time_opening_multiplier": 1.8
      },
      "worst_fitness": 4.125
    },
    {
      "best_fitness": 7.4285,
      "generation": 20,
      "mean_fitness": 6.72976388888889,
      "strict_validation_details": null,
      "strict_validation_passed": null,
      "weights": {
        "a": 0.9289530298836837,
        "b": 1.1753310952740255,
        "c": 2.338848826956749,
        "d": 0.13948731931679015,
        "f": 0.7179292595188196,
        "fast_search_max_carpet_points": 11.930244956843817,
        "fast_search_prob_threshold": 0.8512534324522739,
        "g": 0.31875085091111527,
        "late_centrality_scale": 0.5948712769626926,
        "late_mult_a": 1.5,
        "late_mult_b": 0.3,
        "late_mult_c": 0.5,
        "late_mult_d": 1.2,
        "late_mult_f": 0.5,
        "mid_lead_centrality_scale": 0.9980139121748391,
        "mid_lead_space_bonus": 1.9949184965016318,
        "mid_mult_a": 1.0,
        "mid_mult_b": 0.8,
        "mid_mult_c": 1.5,
        "mid_mult_d": 0.8,
        "mid_mult_f": 1.0,
        "mid_trailing_centrality_scale": 1.9248499360730549,
        "opening_centrality_scale": 1.8329647083549958,
        "opening_mult_a": 1.2,
        "opening_mult_b": 1.0,
        "opening_mult_c": 1.5,
        "opening_mult_d": 0.4,
        "opening_mult_f": 1.0,
        "sabotage_bonus": 3.1586771769778927,
        "threatened_cashout_bonus": 1.6788150075858228,
        "time_late_cap": 3.0,
        "time_late_multiplier": 1.0,
        "time_mid_cap": 6.0,
        "time_mid_multiplier": 1.4,
        "time_opening_cap": 8.0,
        "time_opening_multiplier": 1.8
      },
      "worst_fitness": 6.236666666666667
    },
    {
      "best_fitness": 5.8756666666666675,
      "generation": 21,
      "mean_fitness": 5.443138888888889,
      "strict_validation_details": null,
      "strict_validation_passed": null,
      "weights": {
        "a": 1.2008794949073303,
        "b": 1.1587243486686174,
        "c": 2.711065638537789,
        "d": 0.1829608682493666,
        "f": 0.5879193542891539,
        "fast_search_max_carpet_points": 11.786544742027317,
        "fast_search_prob_threshold": 0.9799889000080988,
        "g": 0.4581010306729512,
        "late_centrality_scale": 0.5908434966768255,
        "late_mult_a": 1.5,
        "late_mult_b": 0.3,
        "late_mult_c": 0.5,
        "late_mult_d": 1.2,
        "late_mult_f": 0.5,
        "mid_lead_centrality_scale": 0.8495348621978821,
        "mid_lead_space_bonus": 1.800113681479291,
        "mid_mult_a": 1.0,
        "mid_mult_b": 0.8,
        "mid_mult_c": 1.5,
        "mid_mult_d": 0.8,
        "mid_mult_f": 1.0,
        "mid_trailing_centrality_scale": 2.1581055739884514,
        "opening_centrality_scale": 1.7615438417538447,
        "opening_mult_a": 1.2,
        "opening_mult_b": 1.0,
        "opening_mult_c": 1.5,
        "opening_mult_d": 0.4,
        "opening_mult_f": 1.0,
        "sabotage_bonus": 3.1717508550685,
        "threatened_cashout_bonus": 1.9665061719034949,
        "time_late_cap": 3.0,
        "time_late_multiplier": 1.0,
        "time_mid_cap": 6.0,
        "time_mid_multiplier": 1.4,
        "time_opening_cap": 8.0,
        "time_opening_multiplier": 1.8
      },
      "worst_fitness": 4.986166666666667
    },
    {
      "best_fitness": 6.589500000000001,
      "generation": 22,
      "mean_fitness": 6.027333333333334,
      "strict_validation_details": null,
      "strict_validation_passed": null,
      "weights": {
        "a": 1.1151368145654244,
        "b": 1.1089982590779677,
        "c": 2.960454523298992,
        "d": 0.3478565890422465,
        "f": 0.6105108123734133,
        "fast_search_max_carpet_points": 12.12508424890178,
        "fast_search_prob_threshold": 0.840890354986766,
        "g": 0.614427367823668,
        "late_centrality_scale": 0.7779363231354579,
        "late_mult_a": 1.5,
        "late_mult_b": 0.3,
        "late_mult_c": 0.5,
        "late_mult_d": 1.2,
        "late_mult_f": 0.5,
        "mid_lead_centrality_scale": 0.8073976974957773,
        "mid_lead_space_bonus": 1.6851770635588748,
        "mid_mult_a": 1.0,
        "mid_mult_b": 0.8,
        "mid_mult_c": 1.5,
        "mid_mult_d": 0.8,
        "mid_mult_f": 1.0,
        "mid_trailing_centrality_scale": 1.7150177970151743,
        "opening_centrality_scale": 1.7121080706406153,
        "opening_mult_a": 1.2,
        "opening_mult_b": 1.0,
        "opening_mult_c": 1.5,
        "opening_mult_d": 0.4,
        "opening_mult_f": 1.0,
        "sabotage_bonus": 2.5804821921599856,
        "threatened_cashout_bonus": 1.5198857085117443,
        "time_late_cap": 3.0,
        "time_late_multiplier": 1.0,
        "time_mid_cap": 6.0,
        "time_mid_multiplier": 1.4,
        "time_opening_cap": 8.0,
        "time_opening_multiplier": 1.8
      },
      "worst_fitness": 5.301500000000001
    },
    {
      "best_fitness": 5.3265,
      "generation": 23,
      "mean_fitness": 4.777291666666667,
      "strict_validation_details": null,
      "strict_validation_passed": null,
      "weights": {
        "a": 0.5048010573247328,
        "b": 1.091488242398745,
        "c": 2.3422173000839814,
        "d": 0.176257781156564,
        "f": 0.5210148457041546,
        "fast_search_max_carpet_points": 12.276224929220868,
        "fast_search_prob_threshold": 0.6840565950108907,
        "g": 0.9508725563932958,
        "late_centrality_scale": 0.5808924103862863,
        "late_mult_a": 1.5,
        "late_mult_b": 0.3,
        "late_mult_c": 0.5,
        "late_mult_d": 1.2,
        "late_mult_f": 0.5,
        "mid_lead_centrality_scale": 1.292636667097623,
        "mid_lead_space_bonus": 1.9063252285877752,
        "mid_mult_a": 1.0,
        "mid_mult_b": 0.8,
        "mid_mult_c": 1.5,
        "mid_mult_d": 0.8,
        "mid_mult_f": 1.0,
        "mid_trailing_centrality_scale": 2.1711664486739006,
        "opening_centrality_scale": 1.527966583612066,
        "opening_mult_a": 1.2,
        "opening_mult_b": 1.0,
        "opening_mult_c": 1.5,
        "opening_mult_d": 0.4,
        "opening_mult_f": 1.0,
        "sabotage_bonus": 2.4444389027806985,
        "threatened_cashout_bonus": 1.4742745739484386,
        "time_late_cap": 3.0,
        "time_late_multiplier": 1.0,
        "time_mid_cap": 6.0,
        "time_mid_multiplier": 1.4,
        "time_opening_cap": 8.0,
        "time_opening_multiplier": 1.8
      },
      "worst_fitness": 4.076666666666666
    },
    {
      "best_fitness": 7.924333333333333,
      "generation": 24,
      "mean_fitness": 6.930569444444445,
      "strict_validation_details": [
        {
          "avg_margin": 0.8,
          "catastrophic_losses": 0,
          "crashes": 0,
          "failed_inits": 0,
          "games": 5,
          "invalid_turns": 0,
          "losses": 2,
          "margins": [
            14.0,
            5.0,
            -17.0,
            17.0,
            -15.0
          ],
          "memory_errors": 0,
          "opponent_name": "yolanda_mitch1_2",
          "ties": 0,
          "timeouts": 0,
          "wins": 3
        },
        {
          "avg_margin": 1.0,
          "catastrophic_losses": 0,
          "crashes": 0,
          "failed_inits": 0,
          "games": 5,
          "invalid_turns": 0,
          "losses": 1,
          "margins": [
            5.0,
            9.0,
            3.0,
            -18.0,
            6.0
          ],
          "memory_errors": 0,
          "opponent_name": "Yolanda6",
          "ties": 0,
          "timeouts": 0,
          "wins": 4
        },
        {
          "avg_margin": 1.0,
          "catastrophic_losses": 0,
          "crashes": 0,
          "failed_inits": 0,
          "games": 5,
          "invalid_turns": 0,
          "losses": 3,
          "margins": [
            -10.0,
            20.0,
            -2.0,
            11.0,
            -14.0
          ],
          "memory_errors": 0,
          "opponent_name": "yolanda_prime_v1_2_baseline",
          "ties": 0,
          "timeouts": 0,
          "wins": 2
        }
      ],
      "strict_validation_passed": true,
      "weights": {
        "a": 0.6539906644218576,
        "b": 1.3970358546698687,
        "c": 2.8342933960539165,
        "d": 0.0950071769425587,
        "f": 0.885703012648973,
        "fast_search_max_carpet_points": 12.149491046598538,
        "fast_search_prob_threshold": 0.7899234375393791,
        "g": 0.735994567301754,
        "late_centrality_scale": 0.7965191318318929,
        "late_mult_a": 1.5,
        "late_mult_b": 0.3,
        "late_mult_c": 0.5,
        "late_mult_d": 1.2,
        "late_mult_f": 0.5,
        "mid_lead_centrality_scale": 1.164081489922121,
        "mid_lead_space_bonus": 1.9019796263528888,
        "mid_mult_a": 1.0,
        "mid_mult_b": 0.8,
        "mid_mult_c": 1.5,
        "mid_mult_d": 0.8,
        "mid_mult_f": 1.0,
        "mid_trailing_centrality_scale": 2.2464561044716875,
        "opening_centrality_scale": 1.7553167837160777,
        "opening_mult_a": 1.2,
        "opening_mult_b": 1.0,
        "opening_mult_c": 1.5,
        "opening_mult_d": 0.4,
        "opening_mult_f": 1.0,
        "sabotage_bonus": 2.938867122471548,
        "threatened_cashout_bonus": 1.3283851374318252,
        "time_late_cap": 3.0,
        "time_late_multiplier": 1.0,
        "time_mid_cap": 6.0,
        "time_mid_multiplier": 1.4,
        "time_opening_cap": 8.0,
        "time_opening_multiplier": 1.8
      },
      "worst_fitness": 5.834833333333334
    },
    {
      "best_fitness": 5.790666666666667,
      "generation": 25,
      "mean_fitness": 5.366833333333333,
      "strict_validation_details": null,
      "strict_validation_passed": null,
      "weights": {
        "a": 0.5298199883403297,
        "b": 1.495539665737788,
        "c": 2.8444386133296455,
        "d": 0.36672434012929855,
        "f": 0.5906151054913401,
        "fast_search_max_carpet_points": 11.917948747068689,
        "fast_search_prob_threshold": 0.9742260871387253,
        "g": 0.5897790864316469,
        "late_centrality_scale": 0.8331821799403819,
        "late_mult_a": 1.5,
        "late_mult_b": 0.3,
        "late_mult_c": 0.5,
        "late_mult_d": 1.2,
        "late_mult_f": 0.5,
        "mid_lead_centrality_scale": 0.843234428629013,
        "mid_lead_space_bonus": 1.6259957243803278,
        "mid_mult_a": 1.0,
        "mid_mult_b": 0.8,
        "mid_mult_c": 1.5,
        "mid_mult_d": 0.8,
        "mid_mult_f": 1.0,
        "mid_trailing_centrality_scale": 2.0949586405707397,
        "opening_centrality_scale": 2.036418973414904,
        "opening_mult_a": 1.2,
        "opening_mult_b": 1.0,
        "opening_mult_c": 1.5,
        "opening_mult_d": 0.4,
        "opening_mult_f": 1.0,
        "sabotage_bonus": 2.604143209860328,
        "threatened_cashout_bonus": 1.4246657846495372,
        "time_late_cap": 3.0,
        "time_late_multiplier": 1.0,
        "time_mid_cap": 6.0,
        "time_mid_multiplier": 1.4,
        "time_opening_cap": 8.0,
        "time_opening_multiplier": 1.8
      },
      "worst_fitness": 5.030500000000001
    },
    {
      "best_fitness": 7.895166666666666,
      "generation": 26,
      "mean_fitness": 6.875875000000001,
      "strict_validation_details": null,
      "strict_validation_passed": null,
      "weights": {
        "a": 0.5796769698801318,
        "b": 1.271304831344299,
        "c": 2.8310239989106614,
        "d": 0.11060506294117228,
        "f": 0.8249517391277423,
        "fast_search_max_carpet_points": 12.33751778448982,
        "fast_search_prob_threshold": 0.7897387396820339,
        "g": 0.5853738711942864,
        "late_centrality_scale": 0.7500035684996345,
        "late_mult_a": 1.5,
        "late_mult_b": 0.3,
        "late_mult_c": 0.5,
        "late_mult_d": 1.2,
        "late_mult_f": 0.5,
        "mid_lead_centrality_scale": 0.9580599073994902,
        "mid_lead_space_bonus": 1.9995664116864365,
        "mid_mult_a": 1.0,
        "mid_mult_b": 0.8,
        "mid_mult_c": 1.5,
        "mid_mult_d": 0.8,
        "mid_mult_f": 1.0,
        "mid_trailing_centrality_scale": 1.6102114150129865,
        "opening_centrality_scale": 1.696847263229493,
        "opening_mult_a": 1.2,
        "opening_mult_b": 1.0,
        "opening_mult_c": 1.5,
        "opening_mult_d": 0.4,
        "opening_mult_f": 1.0,
        "sabotage_bonus": 3.0704750510141365,
        "threatened_cashout_bonus": 1.6596449466035768,
        "time_late_cap": 3.0,
        "time_late_multiplier": 1.0,
        "time_mid_cap": 6.0,
        "time_mid_multiplier": 1.4,
        "time_opening_cap": 8.0,
        "time_opening_multiplier": 1.8
      },
      "worst_fitness": 6.464333333333333
    },
    {
      "best_fitness": 5.7956666666666665,
      "generation": 27,
      "mean_fitness": 5.22061111111111,
      "strict_validation_details": null,
      "strict_validation_passed": null,
      "weights": {
        "a": 0.9948414415998834,
        "b": 1.1670918979798575,
        "c": 1.9073563576634873,
        "d": 0.11757672443959197,
        "f": 0.7393733060909202,
        "fast_search_max_carpet_points": 12.26517721944895,
        "fast_search_prob_threshold": 0.6190255012880203,
        "g": 0.8544061329598025,
        "late_centrality_scale": 0.9106430750522261,
        "late_mult_a": 1.5,
        "late_mult_b": 0.3,
        "late_mult_c": 0.5,
        "late_mult_d": 1.2,
        "late_mult_f": 0.5,
        "mid_lead_centrality_scale": 1.155551595463493,
        "mid_lead_space_bonus": 1.9719280066181941,
        "mid_mult_a": 1.0,
        "mid_mult_b": 0.8,
        "mid_mult_c": 1.5,
        "mid_mult_d": 0.8,
        "mid_mult_f": 1.0,
        "mid_trailing_centrality_scale": 1.6612702615476078,
        "opening_centrality_scale": 1.5113605640021945,
        "opening_mult_a": 1.2,
        "opening_mult_b": 1.0,
        "opening_mult_c": 1.5,
        "opening_mult_d": 0.4,
        "opening_mult_f": 1.0,
        "sabotage_bonus": 3.027597025521654,
        "threatened_cashout_bonus": 2.1106650659785564,
        "time_late_cap": 3.0,
        "time_late_multiplier": 1.0,
        "time_mid_cap": 6.0,
        "time_mid_multiplier": 1.4,
        "time_opening_cap": 8.0,
        "time_opening_multiplier": 1.8
      },
      "worst_fitness": 4.755333333333334
    },
    {
      "best_fitness": 6.931333333333334,
      "generation": 28,
      "mean_fitness": 6.517861111111112,
      "strict_validation_details": null,
      "strict_validation_passed": null,
      "weights": {
        "a": 0.8330773995911158,
        "b": 1.3003052514406652,
        "c": 2.169217520876388,
        "d": 0.1681576913831301,
        "f": 0.8697734713967424,
        "fast_search_max_carpet_points": 11.746925357333915,
        "fast_search_prob_threshold": 0.7691565680999012,
        "g": 1.1722022307512445,
        "late_centrality_scale": 0.5614912412637025,
        "late_mult_a": 1.5,
        "late_mult_b": 0.3,
        "late_mult_c": 0.5,
        "late_mult_d": 1.2,
        "late_mult_f": 0.5,
        "mid_lead_centrality_scale": 1.1097720742760333,
        "mid_lead_space_bonus": 1.9760981454660358,
        "mid_mult_a": 1.0,
        "mid_mult_b": 0.8,
        "mid_mult_c": 1.5,
        "mid_mult_d": 0.8,
        "mid_mult_f": 1.0,
        "mid_trailing_centrality_scale": 1.6880757003333382,
        "opening_centrality_scale": 1.566277728673622,
        "opening_mult_a": 1.2,
        "opening_mult_b": 1.0,
        "opening_mult_c": 1.5,
        "opening_mult_d": 0.4,
        "opening_mult_f": 1.0,
        "sabotage_bonus": 2.5431597336470033,
        "threatened_cashout_bonus": 1.8068040060595956,
        "time_late_cap": 3.0,
        "time_late_multiplier": 1.0,
        "time_mid_cap": 6.0,
        "time_mid_multiplier": 1.4,
        "time_opening_cap": 8.0,
        "time_opening_multiplier": 1.8
      },
      "worst_fitness": 5.804333333333334
    },
    {
      "best_fitness": 8.0765,
      "generation": 29,
      "mean_fitness": 7.470458333333334,
      "strict_validation_details": [
        {
          "avg_margin": 0.8,
          "catastrophic_losses": 0,
          "crashes": 0,
          "failed_inits": 0,
          "games": 5,
          "invalid_turns": 0,
          "losses": 2,
          "margins": [
            14.0,
            5.0,
            -17.0,
            17.0,
            -15.0
          ],
          "memory_errors": 0,
          "opponent_name": "yolanda_mitch1_2",
          "ties": 0,
          "timeouts": 0,
          "wins": 3
        },
        {
          "avg_margin": -1.2,
          "catastrophic_losses": 0,
          "crashes": 0,
          "failed_inits": 0,
          "games": 5,
          "invalid_turns": 0,
          "losses": 2,
          "margins": [
            -6.0,
            9.0,
            3.0,
            -18.0,
            6.0
          ],
          "memory_errors": 0,
          "opponent_name": "Yolanda6",
          "ties": 0,
          "timeouts": 0,
          "wins": 3
        },
        {
          "avg_margin": 1.0,
          "catastrophic_losses": 0,
          "crashes": 0,
          "failed_inits": 0,
          "games": 5,
          "invalid_turns": 0,
          "losses": 3,
          "margins": [
            -10.0,
            20.0,
            -2.0,
            11.0,
            -14.0
          ],
          "memory_errors": 0,
          "opponent_name": "yolanda_prime_v1_2_baseline",
          "ties": 0,
          "timeouts": 0,
          "wins": 2
        }
      ],
      "strict_validation_passed": true,
      "weights": {
        "a": 0.5510324206122181,
        "b": 1.0811345064457887,
        "c": 2.5592448556432843,
        "d": 0.15904134442066897,
        "f": 0.7810968862119527,
        "fast_search_max_carpet_points": 11.676141794569434,
        "fast_search_prob_threshold": 0.8399017125756798,
        "g": 0.8930025659450861,
        "late_centrality_scale": 0.46476324128053526,
        "late_mult_a": 1.5,
        "late_mult_b": 0.3,
        "late_mult_c": 0.5,
        "late_mult_d": 1.2,
        "late_mult_f": 0.5,
        "mid_lead_centrality_scale": 1.1470679617200414,
        "mid_lead_space_bonus": 1.9246694576157775,
        "mid_mult_a": 1.0,
        "mid_mult_b": 0.8,
        "mid_mult_c": 1.5,
        "mid_mult_d": 0.8,
        "mid_mult_f": 1.0,
        "mid_trailing_centrality_scale": 1.654731812742437,
        "opening_centrality_scale": 1.8112280647570345,
        "opening_mult_a": 1.2,
        "opening_mult_b": 1.0,
        "opening_mult_c": 1.5,
        "opening_mult_d": 0.4,
        "opening_mult_f": 1.0,
        "sabotage_bonus": 2.362359140706885,
        "threatened_cashout_bonus": 1.7250746505519508,
        "time_late_cap": 3.0,
        "time_late_multiplier": 1.0,
        "time_mid_cap": 6.0,
        "time_mid_multiplier": 1.4,
        "time_opening_cap": 8.0,
        "time_opening_multiplier": 1.8
      },
      "worst_fitness": 6.496500000000001
    }
  ],
  "ladder": "hyperopt",
  "max_workers": 16,
  "parameter_profile": "core",
  "population_size": 12,
  "regression_details": {
    "avg_margin": 2.2666666666666666,
    "catastrophic_losses": 0,
    "crashes": 0,
    "failed_inits": 0,
    "games": 30,
    "invalid_turns": 0,
    "losses": 11,
    "margins": [
      28.0,
      5.0,
      15.0,
      20.0,
      -17.0,
      5.0,
      10.0,
      9.0,
      -45.0,
      -9.0,
      -2.0,
      -18.0,
      -17.0,
      18.0,
      -3.0,
      3.0,
      9.0,
      8.0,
      -7.0,
      27.0,
      -5.0,
      5.0,
      12.0,
      -7.0,
      5.0,
      18.0,
      4.0,
      9.0,
      -16.0,
      4.0
    ],
    "memory_errors": 0,
    "opponent_name": "yolanda_prime_v1_2_baseline",
    "required_score_rate": 0.55,
    "score_rate": 0.6333333333333333,
    "ties": 0,
    "timeouts": 0,
    "wins": 19
  },
  "regression_passed": true
}
---------------------------------------
Begin Slurm Epilog: Apr-16-2026 05:09:46
Job ID:        6539961
User ID:       tma94
Account:       paceship-terratrends
Job name:      yp12-hyperopt
Resources:     cpu=16,mem=12G,node=1
Rsrc Used:     cput=3-21:28:16,vmem=0,walltime=05:50:31,mem=1003904K,energy_used=0
Partition:     cpu-small
QOS:           inferno
Nodes:         atl1-1-02-010-19-2
---------------------------------------
