---------------------------------------
Begin Slurm Prolog: Apr-16-2026 09:22:50
Job ID:    6546243
User ID:   tma94
Account:   paceship-terratrends
Job name:  yp12-hyperopt
Partition: cpu-small
QOS:       inferno
---------------------------------------
Selected optimizer: cma
Running hyperopt preflight...
Preflight passed.
/storage/home/hcoda1/7/tma94/CS3600_tourney/.venv/lib/python3.11/site-packages/cma/s.py:16: UserWarning: Could not import matplotlib.pyplot, therefore ``cma.plot()`` etc. is not available
  _warnings.warn('Could not import matplotlib.pyplot, therefore'
Resuming CMA from Generation 30...
[2026-04-16T10:43:30.537] error: *** JOB 6546243 ON atl1-1-02-012-3-1 CANCELLED AT 2026-04-16T10:43:30 DUE to SIGNAL Terminated ***
---------------------------------------
Begin Slurm Epilog: Apr-16-2026 10:43:34
Job ID:        6546243
User ID:       tma94
Account:       paceship-terratrends
Job name:      yp12-hyperopt
Resources:     cpu=16,mem=12G,node=1
Rsrc Used:     cput=21:30:40,vmem=0,walltime=01:20:40,mem=202908K,energy_used=0
Partition:     cpu-small
QOS:           inferno
Nodes:         atl1-1-02-012-3-1
---------------------------------------
