---------------------------------------
Begin Slurm Prolog: Apr-16-2026 23:28:32
Job ID:    6580764
User ID:   tma94
Account:   paceship-terratrends
Job name:  yp2-hyperopt
Partition: cpu-small
QOS:       inferno
---------------------------------------
RUN_DIR=data/hyperopt/yolanda_prime_v2/pace_run_new_20260416_232827 GENERATIONS=30 POPULATION=16 SIGMA=0.20 WORKERS=16 RUN_PHASE2=0
Selected optimizer: cma
Candidate agent: yolanda_prime_v2  (env: YP2_WEIGHTS_JSON)
Running hyperopt preflight...
Preflight passed.
/storage/home/hcoda1/7/tma94/CS3600_tourney/.venv/lib/python3.11/site-packages/cma/s.py:16: UserWarning: Could not import matplotlib.pyplot, therefore ``cma.plot()`` etc. is not available
  _warnings.warn('Could not import matplotlib.pyplot, therefore'
[23:29:36] Starting Generation 0...
[2026-04-16T23:31:37.427] error: *** JOB 6580764 ON atl1-1-02-009-10-2 CANCELLED AT 2026-04-16T23:31:37 DUE to SIGNAL Terminated ***
---------------------------------------
Begin Slurm Epilog: Apr-16-2026 23:31:41
Job ID:        6580764
User ID:       tma94
Account:       paceship-terratrends
Job name:      yp2-hyperopt
Resources:     cpu=16,mem=12G,node=1
Rsrc Used:     cput=00:49:20,vmem=0,walltime=00:03:05,mem=592780K,energy_used=0
Partition:     cpu-small
QOS:           inferno
Nodes:         atl1-1-02-009-10-2
---------------------------------------
